[0.020s] Invoking command in '/home/student/Documents/j2/ros2_JOUR2/ros2_ws/build/exercices_manipulation': CMAKE_PREFIX_PATH=${CMAKE_PREFIX_PATH}:/home/student/turtlebot3_ws/install/turtlebot3_teleop:/home/student/turtlebot3_ws/install/turtlebot3_parcours:/home/student/turtlebot3_ws/install/turtlebot3_example:/opt/ros/humble /usr/bin/cmake --build /home/student/Documents/j2/ros2_JOUR2/ros2_ws/build/exercices_manipulation -- -j8 -l8
[0.089s] Invoked command in '/home/student/Documents/j2/ros2_JOUR2/ros2_ws/build/exercices_manipulation' returned '0': CMAKE_PREFIX_PATH=${CMAKE_PREFIX_PATH}:/home/student/turtlebot3_ws/install/turtlebot3_teleop:/home/student/turtlebot3_ws/install/turtlebot3_parcours:/home/student/turtlebot3_ws/install/turtlebot3_example:/opt/ros/humble /usr/bin/cmake --build /home/student/Documents/j2/ros2_JOUR2/ros2_ws/build/exercices_manipulation -- -j8 -l8
[0.091s] Invoking command in '/home/student/Documents/j2/ros2_JOUR2/ros2_ws/build/exercices_manipulation': CMAKE_PREFIX_PATH=${CMAKE_PREFIX_PATH}:/home/student/turtlebot3_ws/install/turtlebot3_teleop:/home/student/turtlebot3_ws/install/turtlebot3_parcours:/home/student/turtlebot3_ws/install/turtlebot3_example:/opt/ros/humble /usr/bin/cmake --install /home/student/Documents/j2/ros2_JOUR2/ros2_ws/build/exercices_manipulation
[0.102s] -- Install configuration: ""
[0.102s] -- Up-to-date: /home/student/Documents/j2/ros2_JOUR2/ros2_ws/install/exercices_manipulation/share/exercices_manipulation//launch
[0.102s] -- Up-to-date: /home/student/Documents/j2/ros2_JOUR2/ros2_ws/install/exercices_manipulation/share/exercices_manipulation//launch/exercise_06.launch.py
[0.103s] -- Up-to-date: /home/student/Documents/j2/ros2_JOUR2/ros2_ws/install/exercices_manipulation/share/exercices_manipulation//launch/exercise_08.launch.py
[0.103s] -- Up-to-date: /home/student/Documents/j2/ros2_JOUR2/ros2_ws/install/exercices_manipulation/share/exercices_manipulation//launch/exercise_01.launch.py
[0.103s] -- Up-to-date: /home/student/Documents/j2/ros2_JOUR2/ros2_ws/install/exercices_manipulation/share/exercices_manipulation//launch/exercise_05.launch.py
[0.103s] -- Up-to-date: /home/student/Documents/j2/ros2_JOUR2/ros2_ws/install/exercices_manipulation/share/exercices_manipulation//launch/exercise_03.launch.py
[0.104s] -- Up-to-date: /home/student/Documents/j2/ros2_JOUR2/ros2_ws/install/exercices_manipulation/share/exercices_manipulation//launch/exercise_09.launch.py
[0.104s] -- Up-to-date: /home/student/Documents/j2/ros2_JOUR2/ros2_ws/install/exercices_manipulation/share/exercices_manipulation//launch/exercise_07.launch.py
[0.104s] -- Up-to-date: /home/student/Documents/j2/ros2_JOUR2/ros2_ws/install/exercices_manipulation/share/exercices_manipulation//launch/exercise_04.launch.py
[0.104s] -- Up-to-date: /home/student/Documents/j2/ros2_JOUR2/ros2_ws/install/exercices_manipulation/share/exercices_manipulation//config
[0.104s] -- Up-to-date: /home/student/Documents/j2/ros2_JOUR2/ros2_ws/install/exercices_manipulation/share/exercices_manipulation//config/moveit.rviz
[0.104s] -- Up-to-date: /home/student/Documents/j2/ros2_JOUR2/ros2_ws/install/exercices_manipulation/share/exercices_manipulation//config/moveit_cpp.yaml
[0.105s] -- Up-to-date: /home/student/Documents/j2/ros2_JOUR2/ros2_ws/install/exercices_manipulation/share/ament_index/resource_index/package_run_dependencies/exercices_manipulation
[0.105s] -- Up-to-date: /home/student/Documents/j2/ros2_JOUR2/ros2_ws/install/exercices_manipulation/share/ament_index/resource_index/parent_prefix_path/exercices_manipulation
[0.105s] -- Up-to-date: /home/student/Documents/j2/ros2_JOUR2/ros2_ws/install/exercices_manipulation/share/exercices_manipulation/environment/ament_prefix_path.sh
[0.105s] -- Up-to-date: /home/student/Documents/j2/ros2_JOUR2/ros2_ws/install/exercices_manipulation/share/exercices_manipulation/environment/ament_prefix_path.dsv
[0.105s] -- Up-to-date: /home/student/Documents/j2/ros2_JOUR2/ros2_ws/install/exercices_manipulation/share/exercices_manipulation/environment/path.sh
[0.105s] -- Up-to-date: /home/student/Documents/j2/ros2_JOUR2/ros2_ws/install/exercices_manipulation/share/exercices_manipulation/environment/path.dsv
[0.105s] -- Up-to-date: /home/student/Documents/j2/ros2_JOUR2/ros2_ws/install/exercices_manipulation/share/exercices_manipulation/local_setup.bash
[0.106s] -- Up-to-date: /home/student/Documents/j2/ros2_JOUR2/ros2_ws/install/exercices_manipulation/share/exercices_manipulation/local_setup.sh
[0.106s] -- Up-to-date: /home/student/Documents/j2/ros2_JOUR2/ros2_ws/install/exercices_manipulation/share/exercices_manipulation/local_setup.zsh
[0.106s] -- Up-to-date: /home/student/Documents/j2/ros2_JOUR2/ros2_ws/install/exercices_manipulation/share/exercices_manipulation/local_setup.dsv
[0.106s] -- Installing: /home/student/Documents/j2/ros2_JOUR2/ros2_ws/install/exercices_manipulation/share/exercices_manipulation/package.dsv
[0.107s] -- Up-to-date: /home/student/Documents/j2/ros2_JOUR2/ros2_ws/install/exercices_manipulation/share/ament_index/resource_index/packages/exercices_manipulation
[0.107s] -- Up-to-date: /home/student/Documents/j2/ros2_JOUR2/ros2_ws/install/exercices_manipulation/share/exercices_manipulation/cmake/exercices_manipulationConfig.cmake
[0.107s] -- Up-to-date: /home/student/Documents/j2/ros2_JOUR2/ros2_ws/install/exercices_manipulation/share/exercices_manipulation/cmake/exercices_manipulationConfig-version.cmake
[0.107s] -- Up-to-date: /home/student/Documents/j2/ros2_JOUR2/ros2_ws/install/exercices_manipulation/share/exercices_manipulation/package.xml
[0.130s] Invoked command in '/home/student/Documents/j2/ros2_JOUR2/ros2_ws/build/exercices_manipulation' returned '0': CMAKE_PREFIX_PATH=${CMAKE_PREFIX_PATH}:/home/student/turtlebot3_ws/install/turtlebot3_teleop:/home/student/turtlebot3_ws/install/turtlebot3_parcours:/home/student/turtlebot3_ws/install/turtlebot3_example:/opt/ros/humble /usr/bin/cmake --install /home/student/Documents/j2/ros2_JOUR2/ros2_ws/build/exercices_manipulation
