[0.016s] Invoking command in '/home/student/Documents/j2/ros2_JOUR2/ros2_ws/build/my_first_robot': CMAKE_PREFIX_PATH=${CMAKE_PREFIX_PATH}:/home/student/turtlebot3_ws/install/turtlebot3_teleop:/home/student/turtlebot3_ws/install/turtlebot3_parcours:/home/student/turtlebot3_ws/install/turtlebot3_example:/opt/ros/humble /usr/bin/cmake /home/student/Documents/j2/ros2_JOUR2/ros2_ws/src/my_first_robot -DCMAKE_INSTALL_PREFIX=/home/student/Documents/j2/ros2_JOUR2/ros2_ws/install/my_first_robot
[0.032s] -- Found ament_cmake: 1.3.12 (/opt/ros/humble/share/ament_cmake/cmake)
[0.181s] -- Found rclpy: 3.3.17 (/opt/ros/humble/share/rclpy/cmake)
[0.181s] -- Found robot_state_publisher: 3.0.3 (/opt/ros/humble/share/robot_state_publisher/cmake)
[0.206s] -- Found rosidl_generator_c: 3.1.7 (/opt/ros/humble/share/rosidl_generator_c/cmake)
[0.209s] -- Found rosidl_adapter: 3.1.7 (/opt/ros/humble/share/rosidl_adapter/cmake)
[0.215s] -- Found rosidl_generator_cpp: 3.1.7 (/opt/ros/humble/share/rosidl_generator_cpp/cmake)
[0.227s] -- Using all available rosidl_typesupport_c: rosidl_typesupport_fastrtps_c;rosidl_typesupport_introspection_c
[0.240s] -- Using all available rosidl_typesupport_cpp: rosidl_typesupport_fastrtps_cpp;rosidl_typesupport_introspection_cpp
[0.278s] -- Found eigen3_cmake_module: 0.1.1 (/opt/ros/humble/share/eigen3_cmake_module/cmake)
[0.280s] -- Ensuring Eigen3 include directory is part of orocos-kdl CMake target
[0.312s] -- Found rmw_implementation_cmake: 6.1.2 (/opt/ros/humble/share/rmw_implementation_cmake/cmake)
[0.314s] -- Found rmw_fastrtps_cpp: 6.2.9 (/opt/ros/humble/share/rmw_fastrtps_cpp/cmake)
[0.427s] -- Using RMW implementation 'rmw_fastrtps_cpp' as default
[0.601s] [31mCMake Error at CMakeLists.txt:12 (find_package):
[0.601s]   By not providing "Findjoint_state_publisher_gui.cmake" in CMAKE_MODULE_PATH
[0.601s]   this project has asked CMake to find a package configuration file provided
[0.601s]   by "joint_state_publisher_gui", but CMake did not find one.
[0.601s] 
[0.602s]   Could not find a package configuration file provided by
[0.602s]   "joint_state_publisher_gui" with any of the following names:
[0.602s] 
[0.602s]     joint_state_publisher_guiConfig.cmake
[0.602s]     joint_state_publisher_gui-config.cmake
[0.602s] 
[0.602s]   Add the installation prefix of "joint_state_publisher_gui" to
[0.602s]   CMAKE_PREFIX_PATH or set "joint_state_publisher_gui_DIR" to a directory
[0.602s]   containing one of the above files.  If "joint_state_publisher_gui" provides
[0.603s]   a separate development package or SDK, be sure it has been installed.
[0.603s] 
[0.603s] [0m
[0.603s] -- Configuring incomplete, errors occurred!
[0.603s] See also "/home/student/Documents/j2/ros2_JOUR2/ros2_ws/build/my_first_robot/CMakeFiles/CMakeOutput.log".
[0.612s] Invoked command in '/home/student/Documents/j2/ros2_JOUR2/ros2_ws/build/my_first_robot' returned '1': CMAKE_PREFIX_PATH=${CMAKE_PREFIX_PATH}:/home/student/turtlebot3_ws/install/turtlebot3_teleop:/home/student/turtlebot3_ws/install/turtlebot3_parcours:/home/student/turtlebot3_ws/install/turtlebot3_example:/opt/ros/humble /usr/bin/cmake /home/student/Documents/j2/ros2_JOUR2/ros2_ws/src/my_first_robot -DCMAKE_INSTALL_PREFIX=/home/student/Documents/j2/ros2_JOUR2/ros2_ws/install/my_first_robot
