[0.103s] DEBUG:colcon:Command line arguments: ['/usr/bin/colcon', 'build']
[0.103s] DEBUG:colcon:Parsed command line arguments: Namespace(log_base=None, log_level=None, verb_name='build', build_base='build', install_base='install', merge_install=False, symlink_install=False, test_result_base=None, continue_on_error=False, executor='parallel', parallel_workers=8, event_handlers=None, ignore_user_meta=False, metas=['./colcon.meta'], base_paths=['.'], packages_ignore=None, packages_ignore_regex=None, paths=None, packages_up_to=None, packages_up_to_regex=None, packages_above=None, packages_above_and_dependencies=None, packages_above_depth=None, packages_select_by_dep=None, packages_skip_by_dep=None, packages_skip_up_to=None, packages_select_build_failed=False, packages_skip_build_finished=False, packages_select_test_failures=False, packages_skip_test_passed=False, packages_select=None, packages_skip=None, packages_select_regex=None, packages_skip_regex=None, packages_start=None, packages_end=None, allow_overriding=[], cmake_args=None, cmake_target=None, cmake_target_skip_unavailable=False, cmake_clean_cache=False, cmake_clean_first=False, cmake_force_configure=False, ament_cmake_args=None, catkin_cmake_args=None, catkin_skip_building_tests=False, mixin_files=None, mixin=None, verb_parser=<colcon_mixin.mixin.mixin_argument.MixinArgumentDecorator object at 0x77c65caf3880>, verb_extension=<colcon_core.verb.build.BuildVerb object at 0x77c65cc90730>, main=<bound method BuildVerb.main of <colcon_core.verb.build.BuildVerb object at 0x77c65cc90730>>, mixin_verb=('build',))
[0.270s] Level 1:colcon.colcon_core.package_discovery:discover_packages(colcon_meta) check parameters
[0.270s] Level 1:colcon.colcon_core.package_discovery:discover_packages(recursive) check parameters
[0.270s] Level 1:colcon.colcon_core.package_discovery:discover_packages(ignore) check parameters
[0.270s] Level 1:colcon.colcon_core.package_discovery:discover_packages(path) check parameters
[0.270s] Level 1:colcon.colcon_core.package_discovery:discover_packages(colcon_meta) discover
[0.270s] Level 1:colcon.colcon_core.package_discovery:discover_packages(recursive) discover
[0.270s] INFO:colcon.colcon_core.package_discovery:Crawling recursively for packages in '/home/student/Documents/j2/ros2_JOUR2/ros2_ws'
[0.271s] Level 1:colcon.colcon_core.package_identification:_identify(.) by extensions ['ignore', 'ignore_ament_install']
[0.271s] Level 1:colcon.colcon_core.package_identification:_identify(.) by extension 'ignore'
[0.271s] Level 1:colcon.colcon_core.package_identification:_identify(.) by extension 'ignore_ament_install'
[0.271s] Level 1:colcon.colcon_core.package_identification:_identify(.) by extensions ['colcon_pkg']
[0.271s] Level 1:colcon.colcon_core.package_identification:_identify(.) by extension 'colcon_pkg'
[0.271s] Level 1:colcon.colcon_core.package_identification:_identify(.) by extensions ['colcon_meta']
[0.271s] Level 1:colcon.colcon_core.package_identification:_identify(.) by extension 'colcon_meta'
[0.271s] Level 1:colcon.colcon_core.package_identification:_identify(.) by extensions ['ros']
[0.271s] Level 1:colcon.colcon_core.package_identification:_identify(.) by extension 'ros'
[0.280s] Level 1:colcon.colcon_core.package_identification:_identify(.) by extensions ['cmake', 'python']
[0.280s] Level 1:colcon.colcon_core.package_identification:_identify(.) by extension 'cmake'
[0.281s] Level 1:colcon.colcon_core.package_identification:_identify(.) by extension 'python'
[0.281s] Level 1:colcon.colcon_core.package_identification:_identify(.) by extensions ['python_setup_py']
[0.281s] Level 1:colcon.colcon_core.package_identification:_identify(.) by extension 'python_setup_py'
[0.281s] Level 1:colcon.colcon_core.package_identification:_identify(build) by extensions ['ignore', 'ignore_ament_install']
[0.281s] Level 1:colcon.colcon_core.package_identification:_identify(build) by extension 'ignore'
[0.281s] Level 1:colcon.colcon_core.package_identification:_identify(build) ignored
[0.281s] Level 1:colcon.colcon_core.package_identification:_identify(install) by extensions ['ignore', 'ignore_ament_install']
[0.281s] Level 1:colcon.colcon_core.package_identification:_identify(install) by extension 'ignore'
[0.281s] Level 1:colcon.colcon_core.package_identification:_identify(install) ignored
[0.281s] Level 1:colcon.colcon_core.package_identification:_identify(log) by extensions ['ignore', 'ignore_ament_install']
[0.281s] Level 1:colcon.colcon_core.package_identification:_identify(log) by extension 'ignore'
[0.281s] Level 1:colcon.colcon_core.package_identification:_identify(log) ignored
[0.281s] Level 1:colcon.colcon_core.package_identification:_identify(src) by extensions ['ignore', 'ignore_ament_install']
[0.281s] Level 1:colcon.colcon_core.package_identification:_identify(src) by extension 'ignore'
[0.281s] Level 1:colcon.colcon_core.package_identification:_identify(src) by extension 'ignore_ament_install'
[0.282s] Level 1:colcon.colcon_core.package_identification:_identify(src) by extensions ['colcon_pkg']
[0.282s] Level 1:colcon.colcon_core.package_identification:_identify(src) by extension 'colcon_pkg'
[0.282s] Level 1:colcon.colcon_core.package_identification:_identify(src) by extensions ['colcon_meta']
[0.282s] Level 1:colcon.colcon_core.package_identification:_identify(src) by extension 'colcon_meta'
[0.282s] Level 1:colcon.colcon_core.package_identification:_identify(src) by extensions ['ros']
[0.282s] Level 1:colcon.colcon_core.package_identification:_identify(src) by extension 'ros'
[0.282s] Level 1:colcon.colcon_core.package_identification:_identify(src) by extensions ['cmake', 'python']
[0.282s] Level 1:colcon.colcon_core.package_identification:_identify(src) by extension 'cmake'
[0.282s] Level 1:colcon.colcon_core.package_identification:_identify(src) by extension 'python'
[0.282s] Level 1:colcon.colcon_core.package_identification:_identify(src) by extensions ['python_setup_py']
[0.282s] Level 1:colcon.colcon_core.package_identification:_identify(src) by extension 'python_setup_py'
[0.282s] Level 1:colcon.colcon_core.package_identification:_identify(src/exercices) by extensions ['ignore', 'ignore_ament_install']
[0.282s] Level 1:colcon.colcon_core.package_identification:_identify(src/exercices) by extension 'ignore'
[0.282s] Level 1:colcon.colcon_core.package_identification:_identify(src/exercices) by extension 'ignore_ament_install'
[0.282s] Level 1:colcon.colcon_core.package_identification:_identify(src/exercices) by extensions ['colcon_pkg']
[0.282s] Level 1:colcon.colcon_core.package_identification:_identify(src/exercices) by extension 'colcon_pkg'
[0.282s] Level 1:colcon.colcon_core.package_identification:_identify(src/exercices) by extensions ['colcon_meta']
[0.282s] Level 1:colcon.colcon_core.package_identification:_identify(src/exercices) by extension 'colcon_meta'
[0.282s] Level 1:colcon.colcon_core.package_identification:_identify(src/exercices) by extensions ['ros']
[0.282s] Level 1:colcon.colcon_core.package_identification:_identify(src/exercices) by extension 'ros'
[0.285s] DEBUG:colcon.colcon_core.package_identification:Package 'src/exercices' with type 'ros.ament_cmake' and name 'exercices_manipulation'
[0.285s] Level 1:colcon.colcon_core.package_identification:_identify(src/franka_ros2) by extensions ['ignore', 'ignore_ament_install']
[0.285s] Level 1:colcon.colcon_core.package_identification:_identify(src/franka_ros2) by extension 'ignore'
[0.285s] Level 1:colcon.colcon_core.package_identification:_identify(src/franka_ros2) by extension 'ignore_ament_install'
[0.285s] Level 1:colcon.colcon_core.package_identification:_identify(src/franka_ros2) by extensions ['colcon_pkg']
[0.285s] Level 1:colcon.colcon_core.package_identification:_identify(src/franka_ros2) by extension 'colcon_pkg'
[0.285s] Level 1:colcon.colcon_core.package_identification:_identify(src/franka_ros2) by extensions ['colcon_meta']
[0.285s] Level 1:colcon.colcon_core.package_identification:_identify(src/franka_ros2) by extension 'colcon_meta'
[0.285s] Level 1:colcon.colcon_core.package_identification:_identify(src/franka_ros2) by extensions ['ros']
[0.285s] Level 1:colcon.colcon_core.package_identification:_identify(src/franka_ros2) by extension 'ros'
[0.285s] Level 1:colcon.colcon_core.package_identification:_identify(src/franka_ros2) by extensions ['cmake', 'python']
[0.285s] Level 1:colcon.colcon_core.package_identification:_identify(src/franka_ros2) by extension 'cmake'
[0.285s] Level 1:colcon.colcon_core.package_identification:_identify(src/franka_ros2) by extension 'python'
[0.285s] Level 1:colcon.colcon_core.package_identification:_identify(src/franka_ros2) by extensions ['python_setup_py']
[0.285s] Level 1:colcon.colcon_core.package_identification:_identify(src/franka_ros2) by extension 'python_setup_py'
[0.286s] Level 1:colcon.colcon_core.package_identification:_identify(src/my_first_robot) by extensions ['ignore', 'ignore_ament_install']
[0.286s] Level 1:colcon.colcon_core.package_identification:_identify(src/my_first_robot) by extension 'ignore'
[0.286s] Level 1:colcon.colcon_core.package_identification:_identify(src/my_first_robot) by extension 'ignore_ament_install'
[0.286s] Level 1:colcon.colcon_core.package_identification:_identify(src/my_first_robot) by extensions ['colcon_pkg']
[0.286s] Level 1:colcon.colcon_core.package_identification:_identify(src/my_first_robot) by extension 'colcon_pkg'
[0.286s] Level 1:colcon.colcon_core.package_identification:_identify(src/my_first_robot) by extensions ['colcon_meta']
[0.286s] Level 1:colcon.colcon_core.package_identification:_identify(src/my_first_robot) by extension 'colcon_meta'
[0.286s] Level 1:colcon.colcon_core.package_identification:_identify(src/my_first_robot) by extensions ['ros']
[0.286s] Level 1:colcon.colcon_core.package_identification:_identify(src/my_first_robot) by extension 'ros'
[0.287s] DEBUG:colcon.colcon_core.package_identification:Package 'src/my_first_robot' with type 'ros.ament_cmake' and name 'my_first_robot'
[0.287s] Level 1:colcon.colcon_core.package_discovery:discover_packages(recursive) using defaults
[0.287s] Level 1:colcon.colcon_core.package_discovery:discover_packages(ignore) discover
[0.287s] Level 1:colcon.colcon_core.package_discovery:discover_packages(ignore) using defaults
[0.287s] Level 1:colcon.colcon_core.package_discovery:discover_packages(path) discover
[0.287s] Level 1:colcon.colcon_core.package_discovery:discover_packages(path) using defaults
[0.312s] Level 1:colcon.colcon_core.package_discovery:discover_packages(prefix_path) check parameters
[0.312s] Level 1:colcon.colcon_core.package_discovery:discover_packages(prefix_path) discover
[0.313s] WARNING:colcon.colcon_core.prefix_path.colcon:The path '/home/student/Documents/j2/ros2_JOUR2/ros2_ws/src/exercices/install' in the environment variable COLCON_PREFIX_PATH doesn't exist
[0.313s] WARNING:colcon.colcon_ros.prefix_path.ament:The path '/home/student/Documents/j2/ros2_JOUR2/ros2_ws/src/exercices/install/exercices_manipulation' in the environment variable AMENT_PREFIX_PATH doesn't exist
[0.314s] WARNING:colcon.colcon_ros.prefix_path.catkin:The path '/home/student/Documents/j2/ros2_JOUR2/ros2_ws/src/exercices/install/exercices_manipulation' in the environment variable CMAKE_PREFIX_PATH doesn't exist
[0.315s] DEBUG:colcon.colcon_installed_package_information.package_discovery:Found 13 installed packages in /home/student/turtlebot3_ws/install
[0.315s] DEBUG:colcon.colcon_installed_package_information.package_discovery:Found 2 installed packages in /home/student/Documents/j2/ros2_JOUR2/ros2_ws/install
[0.317s] DEBUG:colcon.colcon_installed_package_information.package_discovery:Found 431 installed packages in /opt/ros/humble
[0.319s] Level 1:colcon.colcon_core.package_discovery:discover_packages(prefix_path) using defaults
[0.385s] Level 5:colcon.colcon_core.verb:set package 'exercices_manipulation' build argument 'cmake_args' from command line to 'None'
[0.385s] Level 5:colcon.colcon_core.verb:set package 'exercices_manipulation' build argument 'cmake_target' from command line to 'None'
[0.385s] Level 5:colcon.colcon_core.verb:set package 'exercices_manipulation' build argument 'cmake_target_skip_unavailable' from command line to 'False'
[0.385s] Level 5:colcon.colcon_core.verb:set package 'exercices_manipulation' build argument 'cmake_clean_cache' from command line to 'False'
[0.385s] Level 5:colcon.colcon_core.verb:set package 'exercices_manipulation' build argument 'cmake_clean_first' from command line to 'False'
[0.385s] Level 5:colcon.colcon_core.verb:set package 'exercices_manipulation' build argument 'cmake_force_configure' from command line to 'False'
[0.385s] Level 5:colcon.colcon_core.verb:set package 'exercices_manipulation' build argument 'ament_cmake_args' from command line to 'None'
[0.385s] Level 5:colcon.colcon_core.verb:set package 'exercices_manipulation' build argument 'catkin_cmake_args' from command line to 'None'
[0.385s] Level 5:colcon.colcon_core.verb:set package 'exercices_manipulation' build argument 'catkin_skip_building_tests' from command line to 'False'
[0.385s] DEBUG:colcon.colcon_core.verb:Building package 'exercices_manipulation' with the following arguments: {'ament_cmake_args': None, 'build_base': '/home/student/Documents/j2/ros2_JOUR2/ros2_ws/build/exercices_manipulation', 'catkin_cmake_args': None, 'catkin_skip_building_tests': False, 'cmake_args': None, 'cmake_clean_cache': False, 'cmake_clean_first': False, 'cmake_force_configure': False, 'cmake_target': None, 'cmake_target_skip_unavailable': False, 'install_base': '/home/student/Documents/j2/ros2_JOUR2/ros2_ws/install/exercices_manipulation', 'merge_install': False, 'path': '/home/student/Documents/j2/ros2_JOUR2/ros2_ws/src/exercices', 'symlink_install': False, 'test_result_base': None}
[0.385s] Level 5:colcon.colcon_core.verb:set package 'my_first_robot' build argument 'cmake_args' from command line to 'None'
[0.385s] Level 5:colcon.colcon_core.verb:set package 'my_first_robot' build argument 'cmake_target' from command line to 'None'
[0.385s] Level 5:colcon.colcon_core.verb:set package 'my_first_robot' build argument 'cmake_target_skip_unavailable' from command line to 'False'
[0.385s] Level 5:colcon.colcon_core.verb:set package 'my_first_robot' build argument 'cmake_clean_cache' from command line to 'False'
[0.386s] Level 5:colcon.colcon_core.verb:set package 'my_first_robot' build argument 'cmake_clean_first' from command line to 'False'
[0.386s] Level 5:colcon.colcon_core.verb:set package 'my_first_robot' build argument 'cmake_force_configure' from command line to 'False'
[0.386s] Level 5:colcon.colcon_core.verb:set package 'my_first_robot' build argument 'ament_cmake_args' from command line to 'None'
[0.386s] Level 5:colcon.colcon_core.verb:set package 'my_first_robot' build argument 'catkin_cmake_args' from command line to 'None'
[0.386s] Level 5:colcon.colcon_core.verb:set package 'my_first_robot' build argument 'catkin_skip_building_tests' from command line to 'False'
[0.386s] DEBUG:colcon.colcon_core.verb:Building package 'my_first_robot' with the following arguments: {'ament_cmake_args': None, 'build_base': '/home/student/Documents/j2/ros2_JOUR2/ros2_ws/build/my_first_robot', 'catkin_cmake_args': None, 'catkin_skip_building_tests': False, 'cmake_args': None, 'cmake_clean_cache': False, 'cmake_clean_first': False, 'cmake_force_configure': False, 'cmake_target': None, 'cmake_target_skip_unavailable': False, 'install_base': '/home/student/Documents/j2/ros2_JOUR2/ros2_ws/install/my_first_robot', 'merge_install': False, 'path': '/home/student/Documents/j2/ros2_JOUR2/ros2_ws/src/my_first_robot', 'symlink_install': False, 'test_result_base': None}
[0.386s] INFO:colcon.colcon_core.executor:Executing jobs using 'parallel' executor
[0.386s] DEBUG:colcon.colcon_parallel_executor.executor.parallel:run_until_complete
[0.387s] INFO:colcon.colcon_ros.task.ament_cmake.build:Building ROS package in '/home/student/Documents/j2/ros2_JOUR2/ros2_ws/src/exercices' with build type 'ament_cmake'
[0.387s] INFO:colcon.colcon_cmake.task.cmake.build:Building CMake package in '/home/student/Documents/j2/ros2_JOUR2/ros2_ws/src/exercices'
[0.389s] INFO:colcon.colcon_core.plugin_system:Skipping extension 'colcon_core.shell.bat': Not used on non-Windows systems
[0.389s] INFO:colcon.colcon_core.shell:Skip shell extension 'powershell' for command environment: Not usable outside of PowerShell
[0.389s] DEBUG:colcon.colcon_core.shell:Skip shell extension 'dsv' for command environment
[0.395s] INFO:colcon.colcon_ros.task.ament_cmake.build:Building ROS package in '/home/student/Documents/j2/ros2_JOUR2/ros2_ws/src/my_first_robot' with build type 'ament_cmake'
[0.395s] INFO:colcon.colcon_cmake.task.cmake.build:Building CMake package in '/home/student/Documents/j2/ros2_JOUR2/ros2_ws/src/my_first_robot'
[0.395s] INFO:colcon.colcon_core.shell:Skip shell extension 'powershell' for command environment: Not usable outside of PowerShell
[0.395s] DEBUG:colcon.colcon_core.shell:Skip shell extension 'dsv' for command environment
[0.406s] DEBUG:colcon.colcon_core.event_handler.log_command:Invoking command in '/home/student/Documents/j2/ros2_JOUR2/ros2_ws/build/exercices_manipulation': CMAKE_PREFIX_PATH=${CMAKE_PREFIX_PATH}:/home/student/turtlebot3_ws/install/turtlebot3_teleop:/home/student/turtlebot3_ws/install/turtlebot3_parcours:/home/student/turtlebot3_ws/install/turtlebot3_example:/opt/ros/humble /usr/bin/cmake --build /home/student/Documents/j2/ros2_JOUR2/ros2_ws/build/exercices_manipulation -- -j8 -l8
[0.412s] DEBUG:colcon.colcon_core.event_handler.log_command:Invoking command in '/home/student/Documents/j2/ros2_JOUR2/ros2_ws/build/my_first_robot': CMAKE_PREFIX_PATH=${CMAKE_PREFIX_PATH}:/home/student/turtlebot3_ws/install/turtlebot3_teleop:/home/student/turtlebot3_ws/install/turtlebot3_parcours:/home/student/turtlebot3_ws/install/turtlebot3_example:/opt/ros/humble /usr/bin/cmake /home/student/Documents/j2/ros2_JOUR2/ros2_ws/src/my_first_robot -DCMAKE_INSTALL_PREFIX=/home/student/Documents/j2/ros2_JOUR2/ros2_ws/install/my_first_robot
[0.463s] DEBUG:colcon.colcon_core.event_handler.log_command:Invoked command in '/home/student/Documents/j2/ros2_JOUR2/ros2_ws/build/exercices_manipulation' returned '0': CMAKE_PREFIX_PATH=${CMAKE_PREFIX_PATH}:/home/student/turtlebot3_ws/install/turtlebot3_teleop:/home/student/turtlebot3_ws/install/turtlebot3_parcours:/home/student/turtlebot3_ws/install/turtlebot3_example:/opt/ros/humble /usr/bin/cmake --build /home/student/Documents/j2/ros2_JOUR2/ros2_ws/build/exercices_manipulation -- -j8 -l8
[0.475s] DEBUG:colcon.colcon_core.event_handler.log_command:Invoking command in '/home/student/Documents/j2/ros2_JOUR2/ros2_ws/build/exercices_manipulation': CMAKE_PREFIX_PATH=${CMAKE_PREFIX_PATH}:/home/student/turtlebot3_ws/install/turtlebot3_teleop:/home/student/turtlebot3_ws/install/turtlebot3_parcours:/home/student/turtlebot3_ws/install/turtlebot3_example:/opt/ros/humble /usr/bin/cmake --install /home/student/Documents/j2/ros2_JOUR2/ros2_ws/build/exercices_manipulation
[0.488s] Level 1:colcon.colcon_core.environment:create_environment_scripts_only(exercices_manipulation)
[0.489s] DEBUG:colcon.colcon_core.event_handler.log_command:Invoked command in '/home/student/Documents/j2/ros2_JOUR2/ros2_ws/build/exercices_manipulation' returned '0': CMAKE_PREFIX_PATH=${CMAKE_PREFIX_PATH}:/home/student/turtlebot3_ws/install/turtlebot3_teleop:/home/student/turtlebot3_ws/install/turtlebot3_parcours:/home/student/turtlebot3_ws/install/turtlebot3_example:/opt/ros/humble /usr/bin/cmake --install /home/student/Documents/j2/ros2_JOUR2/ros2_ws/build/exercices_manipulation
[0.491s] Level 1:colcon.colcon_core.environment:checking '/home/student/Documents/j2/ros2_JOUR2/ros2_ws/install/exercices_manipulation' for CMake module files
[0.492s] Level 1:colcon.colcon_core.environment:checking '/home/student/Documents/j2/ros2_JOUR2/ros2_ws/install/exercices_manipulation' for CMake config files
[0.492s] Level 1:colcon.colcon_core.shell:create_environment_hook('exercices_manipulation', 'cmake_prefix_path')
[0.493s] INFO:colcon.colcon_core.shell:Creating environment hook '/home/student/Documents/j2/ros2_JOUR2/ros2_ws/install/exercices_manipulation/share/exercices_manipulation/hook/cmake_prefix_path.ps1'
[0.494s] INFO:colcon.colcon_core.shell:Creating environment descriptor '/home/student/Documents/j2/ros2_JOUR2/ros2_ws/install/exercices_manipulation/share/exercices_manipulation/hook/cmake_prefix_path.dsv'
[0.494s] INFO:colcon.colcon_core.shell:Creating environment hook '/home/student/Documents/j2/ros2_JOUR2/ros2_ws/install/exercices_manipulation/share/exercices_manipulation/hook/cmake_prefix_path.sh'
[0.496s] Level 1:colcon.colcon_core.environment:checking '/home/student/Documents/j2/ros2_JOUR2/ros2_ws/install/exercices_manipulation/bin'
[0.496s] Level 1:colcon.colcon_core.environment:checking '/home/student/Documents/j2/ros2_JOUR2/ros2_ws/install/exercices_manipulation/lib/pkgconfig/exercices_manipulation.pc'
[0.496s] Level 1:colcon.colcon_core.environment:checking '/home/student/Documents/j2/ros2_JOUR2/ros2_ws/install/exercices_manipulation/lib/python3.10/site-packages'
[0.497s] Level 1:colcon.colcon_core.environment:checking '/home/student/Documents/j2/ros2_JOUR2/ros2_ws/install/exercices_manipulation/bin'
[0.498s] INFO:colcon.colcon_core.shell:Creating package script '/home/student/Documents/j2/ros2_JOUR2/ros2_ws/install/exercices_manipulation/share/exercices_manipulation/package.ps1'
[0.500s] INFO:colcon.colcon_core.shell:Creating package descriptor '/home/student/Documents/j2/ros2_JOUR2/ros2_ws/install/exercices_manipulation/share/exercices_manipulation/package.dsv'
[0.501s] INFO:colcon.colcon_core.shell:Creating package script '/home/student/Documents/j2/ros2_JOUR2/ros2_ws/install/exercices_manipulation/share/exercices_manipulation/package.sh'
[0.501s] INFO:colcon.colcon_core.shell:Creating package script '/home/student/Documents/j2/ros2_JOUR2/ros2_ws/install/exercices_manipulation/share/exercices_manipulation/package.bash'
[0.502s] INFO:colcon.colcon_core.shell:Creating package script '/home/student/Documents/j2/ros2_JOUR2/ros2_ws/install/exercices_manipulation/share/exercices_manipulation/package.zsh'
[0.503s] Level 1:colcon.colcon_core.environment:create_file_with_runtime_dependencies(/home/student/Documents/j2/ros2_JOUR2/ros2_ws/install/exercices_manipulation/share/colcon-core/packages/exercices_manipulation)
[0.503s] Level 1:colcon.colcon_core.environment:create_environment_scripts_only(exercices_manipulation)
[0.503s] Level 1:colcon.colcon_core.environment:checking '/home/student/Documents/j2/ros2_JOUR2/ros2_ws/install/exercices_manipulation' for CMake module files
[0.504s] Level 1:colcon.colcon_core.environment:checking '/home/student/Documents/j2/ros2_JOUR2/ros2_ws/install/exercices_manipulation' for CMake config files
[0.504s] Level 1:colcon.colcon_core.shell:create_environment_hook('exercices_manipulation', 'cmake_prefix_path')
[0.504s] INFO:colcon.colcon_core.shell:Creating environment hook '/home/student/Documents/j2/ros2_JOUR2/ros2_ws/install/exercices_manipulation/share/exercices_manipulation/hook/cmake_prefix_path.ps1'
[0.505s] INFO:colcon.colcon_core.shell:Creating environment descriptor '/home/student/Documents/j2/ros2_JOUR2/ros2_ws/install/exercices_manipulation/share/exercices_manipulation/hook/cmake_prefix_path.dsv'
[0.505s] INFO:colcon.colcon_core.shell:Creating environment hook '/home/student/Documents/j2/ros2_JOUR2/ros2_ws/install/exercices_manipulation/share/exercices_manipulation/hook/cmake_prefix_path.sh'
[0.506s] Level 1:colcon.colcon_core.environment:checking '/home/student/Documents/j2/ros2_JOUR2/ros2_ws/install/exercices_manipulation/bin'
[0.506s] Level 1:colcon.colcon_core.environment:checking '/home/student/Documents/j2/ros2_JOUR2/ros2_ws/install/exercices_manipulation/lib/pkgconfig/exercices_manipulation.pc'
[0.506s] Level 1:colcon.colcon_core.environment:checking '/home/student/Documents/j2/ros2_JOUR2/ros2_ws/install/exercices_manipulation/lib/python3.10/site-packages'
[0.506s] Level 1:colcon.colcon_core.environment:checking '/home/student/Documents/j2/ros2_JOUR2/ros2_ws/install/exercices_manipulation/bin'
[0.507s] INFO:colcon.colcon_core.shell:Creating package script '/home/student/Documents/j2/ros2_JOUR2/ros2_ws/install/exercices_manipulation/share/exercices_manipulation/package.ps1'
[0.507s] INFO:colcon.colcon_core.shell:Creating package descriptor '/home/student/Documents/j2/ros2_JOUR2/ros2_ws/install/exercices_manipulation/share/exercices_manipulation/package.dsv'
[0.507s] INFO:colcon.colcon_core.shell:Creating package script '/home/student/Documents/j2/ros2_JOUR2/ros2_ws/install/exercices_manipulation/share/exercices_manipulation/package.sh'
[0.508s] INFO:colcon.colcon_core.shell:Creating package script '/home/student/Documents/j2/ros2_JOUR2/ros2_ws/install/exercices_manipulation/share/exercices_manipulation/package.bash'
[0.508s] INFO:colcon.colcon_core.shell:Creating package script '/home/student/Documents/j2/ros2_JOUR2/ros2_ws/install/exercices_manipulation/share/exercices_manipulation/package.zsh'
[0.509s] Level 1:colcon.colcon_core.environment:create_file_with_runtime_dependencies(/home/student/Documents/j2/ros2_JOUR2/ros2_ws/install/exercices_manipulation/share/colcon-core/packages/exercices_manipulation)
[1.168s] DEBUG:colcon.colcon_core.event_handler.log_command:Invoked command in '/home/student/Documents/j2/ros2_JOUR2/ros2_ws/build/my_first_robot' returned '0': CMAKE_PREFIX_PATH=${CMAKE_PREFIX_PATH}:/home/student/turtlebot3_ws/install/turtlebot3_teleop:/home/student/turtlebot3_ws/install/turtlebot3_parcours:/home/student/turtlebot3_ws/install/turtlebot3_example:/opt/ros/humble /usr/bin/cmake /home/student/Documents/j2/ros2_JOUR2/ros2_ws/src/my_first_robot -DCMAKE_INSTALL_PREFIX=/home/student/Documents/j2/ros2_JOUR2/ros2_ws/install/my_first_robot
[1.169s] DEBUG:colcon.colcon_core.event_handler.log_command:Invoking command in '/home/student/Documents/j2/ros2_JOUR2/ros2_ws/build/my_first_robot': CMAKE_PREFIX_PATH=${CMAKE_PREFIX_PATH}:/home/student/turtlebot3_ws/install/turtlebot3_teleop:/home/student/turtlebot3_ws/install/turtlebot3_parcours:/home/student/turtlebot3_ws/install/turtlebot3_example:/opt/ros/humble /usr/bin/cmake --build /home/student/Documents/j2/ros2_JOUR2/ros2_ws/build/my_first_robot -- -j8 -l8
[1.217s] DEBUG:colcon.colcon_core.event_handler.log_command:Invoked command in '/home/student/Documents/j2/ros2_JOUR2/ros2_ws/build/my_first_robot' returned '0': CMAKE_PREFIX_PATH=${CMAKE_PREFIX_PATH}:/home/student/turtlebot3_ws/install/turtlebot3_teleop:/home/student/turtlebot3_ws/install/turtlebot3_parcours:/home/student/turtlebot3_ws/install/turtlebot3_example:/opt/ros/humble /usr/bin/cmake --build /home/student/Documents/j2/ros2_JOUR2/ros2_ws/build/my_first_robot -- -j8 -l8
[1.219s] DEBUG:colcon.colcon_core.event_handler.log_command:Invoking command in '/home/student/Documents/j2/ros2_JOUR2/ros2_ws/build/my_first_robot': CMAKE_PREFIX_PATH=${CMAKE_PREFIX_PATH}:/home/student/turtlebot3_ws/install/turtlebot3_teleop:/home/student/turtlebot3_ws/install/turtlebot3_parcours:/home/student/turtlebot3_ws/install/turtlebot3_example:/opt/ros/humble /usr/bin/cmake --install /home/student/Documents/j2/ros2_JOUR2/ros2_ws/build/my_first_robot
[1.238s] Level 1:colcon.colcon_core.environment:create_environment_scripts_only(my_first_robot)
[1.238s] Level 1:colcon.colcon_core.environment:checking '/home/student/Documents/j2/ros2_JOUR2/ros2_ws/install/my_first_robot' for CMake module files
[1.239s] DEBUG:colcon.colcon_core.event_handler.log_command:Invoked command in '/home/student/Documents/j2/ros2_JOUR2/ros2_ws/build/my_first_robot' returned '0': CMAKE_PREFIX_PATH=${CMAKE_PREFIX_PATH}:/home/student/turtlebot3_ws/install/turtlebot3_teleop:/home/student/turtlebot3_ws/install/turtlebot3_parcours:/home/student/turtlebot3_ws/install/turtlebot3_example:/opt/ros/humble /usr/bin/cmake --install /home/student/Documents/j2/ros2_JOUR2/ros2_ws/build/my_first_robot
[1.240s] Level 1:colcon.colcon_core.environment:checking '/home/student/Documents/j2/ros2_JOUR2/ros2_ws/install/my_first_robot' for CMake config files
[1.240s] Level 1:colcon.colcon_core.shell:create_environment_hook('my_first_robot', 'cmake_prefix_path')
[1.240s] INFO:colcon.colcon_core.shell:Creating environment hook '/home/student/Documents/j2/ros2_JOUR2/ros2_ws/install/my_first_robot/share/my_first_robot/hook/cmake_prefix_path.ps1'
[1.241s] INFO:colcon.colcon_core.shell:Creating environment descriptor '/home/student/Documents/j2/ros2_JOUR2/ros2_ws/install/my_first_robot/share/my_first_robot/hook/cmake_prefix_path.dsv'
[1.241s] INFO:colcon.colcon_core.shell:Creating environment hook '/home/student/Documents/j2/ros2_JOUR2/ros2_ws/install/my_first_robot/share/my_first_robot/hook/cmake_prefix_path.sh'
[1.242s] Level 1:colcon.colcon_core.environment:checking '/home/student/Documents/j2/ros2_JOUR2/ros2_ws/install/my_first_robot/bin'
[1.242s] Level 1:colcon.colcon_core.environment:checking '/home/student/Documents/j2/ros2_JOUR2/ros2_ws/install/my_first_robot/lib/pkgconfig/my_first_robot.pc'
[1.242s] Level 1:colcon.colcon_core.environment:checking '/home/student/Documents/j2/ros2_JOUR2/ros2_ws/install/my_first_robot/lib/python3.10/site-packages'
[1.243s] Level 1:colcon.colcon_core.environment:checking '/home/student/Documents/j2/ros2_JOUR2/ros2_ws/install/my_first_robot/bin'
[1.244s] INFO:colcon.colcon_core.shell:Creating package script '/home/student/Documents/j2/ros2_JOUR2/ros2_ws/install/my_first_robot/share/my_first_robot/package.ps1'
[1.244s] INFO:colcon.colcon_core.shell:Creating package descriptor '/home/student/Documents/j2/ros2_JOUR2/ros2_ws/install/my_first_robot/share/my_first_robot/package.dsv'
[1.245s] INFO:colcon.colcon_core.shell:Creating package script '/home/student/Documents/j2/ros2_JOUR2/ros2_ws/install/my_first_robot/share/my_first_robot/package.sh'
[1.245s] INFO:colcon.colcon_core.shell:Creating package script '/home/student/Documents/j2/ros2_JOUR2/ros2_ws/install/my_first_robot/share/my_first_robot/package.bash'
[1.246s] INFO:colcon.colcon_core.shell:Creating package script '/home/student/Documents/j2/ros2_JOUR2/ros2_ws/install/my_first_robot/share/my_first_robot/package.zsh'
[1.246s] Level 1:colcon.colcon_core.environment:create_file_with_runtime_dependencies(/home/student/Documents/j2/ros2_JOUR2/ros2_ws/install/my_first_robot/share/colcon-core/packages/my_first_robot)
[1.247s] Level 1:colcon.colcon_core.environment:create_environment_scripts_only(my_first_robot)
[1.247s] Level 1:colcon.colcon_core.environment:checking '/home/student/Documents/j2/ros2_JOUR2/ros2_ws/install/my_first_robot' for CMake module files
[1.247s] Level 1:colcon.colcon_core.environment:checking '/home/student/Documents/j2/ros2_JOUR2/ros2_ws/install/my_first_robot' for CMake config files
[1.248s] Level 1:colcon.colcon_core.shell:create_environment_hook('my_first_robot', 'cmake_prefix_path')
[1.248s] INFO:colcon.colcon_core.shell:Creating environment hook '/home/student/Documents/j2/ros2_JOUR2/ros2_ws/install/my_first_robot/share/my_first_robot/hook/cmake_prefix_path.ps1'
[1.248s] INFO:colcon.colcon_core.shell:Creating environment descriptor '/home/student/Documents/j2/ros2_JOUR2/ros2_ws/install/my_first_robot/share/my_first_robot/hook/cmake_prefix_path.dsv'
[1.248s] INFO:colcon.colcon_core.shell:Creating environment hook '/home/student/Documents/j2/ros2_JOUR2/ros2_ws/install/my_first_robot/share/my_first_robot/hook/cmake_prefix_path.sh'
[1.249s] Level 1:colcon.colcon_core.environment:checking '/home/student/Documents/j2/ros2_JOUR2/ros2_ws/install/my_first_robot/bin'
[1.249s] Level 1:colcon.colcon_core.environment:checking '/home/student/Documents/j2/ros2_JOUR2/ros2_ws/install/my_first_robot/lib/pkgconfig/my_first_robot.pc'
[1.249s] Level 1:colcon.colcon_core.environment:checking '/home/student/Documents/j2/ros2_JOUR2/ros2_ws/install/my_first_robot/lib/python3.10/site-packages'
[1.250s] Level 1:colcon.colcon_core.environment:checking '/home/student/Documents/j2/ros2_JOUR2/ros2_ws/install/my_first_robot/bin'
[1.250s] INFO:colcon.colcon_core.shell:Creating package script '/home/student/Documents/j2/ros2_JOUR2/ros2_ws/install/my_first_robot/share/my_first_robot/package.ps1'
[1.250s] INFO:colcon.colcon_core.shell:Creating package descriptor '/home/student/Documents/j2/ros2_JOUR2/ros2_ws/install/my_first_robot/share/my_first_robot/package.dsv'
[1.251s] INFO:colcon.colcon_core.shell:Creating package script '/home/student/Documents/j2/ros2_JOUR2/ros2_ws/install/my_first_robot/share/my_first_robot/package.sh'
[1.251s] INFO:colcon.colcon_core.shell:Creating package script '/home/student/Documents/j2/ros2_JOUR2/ros2_ws/install/my_first_robot/share/my_first_robot/package.bash'
[1.251s] INFO:colcon.colcon_core.shell:Creating package script '/home/student/Documents/j2/ros2_JOUR2/ros2_ws/install/my_first_robot/share/my_first_robot/package.zsh'
[1.252s] Level 1:colcon.colcon_core.environment:create_file_with_runtime_dependencies(/home/student/Documents/j2/ros2_JOUR2/ros2_ws/install/my_first_robot/share/colcon-core/packages/my_first_robot)
[1.252s] DEBUG:colcon.colcon_parallel_executor.executor.parallel:closing loop
[1.253s] DEBUG:colcon.colcon_parallel_executor.executor.parallel:loop closed
[1.253s] DEBUG:colcon.colcon_parallel_executor.executor.parallel:run_until_complete finished with '0'
[1.253s] DEBUG:colcon.colcon_core.event_reactor:joining thread
[1.258s] INFO:colcon.colcon_core.plugin_system:Skipping extension 'colcon_notification.desktop_notification.terminal_notifier': Not used on non-Darwin systems
[1.258s] INFO:colcon.colcon_core.plugin_system:Skipping extension 'colcon_notification.desktop_notification.win32': Not used on non-Windows systems
[1.258s] INFO:colcon.colcon_notification.desktop_notification:Sending desktop notification using 'notify2'
[1.270s] DEBUG:colcon.colcon_core.event_reactor:joined thread
[1.271s] INFO:colcon.colcon_core.shell:Creating prefix script '/home/student/Documents/j2/ros2_JOUR2/ros2_ws/install/local_setup.ps1'
[1.272s] INFO:colcon.colcon_core.shell:Creating prefix util module '/home/student/Documents/j2/ros2_JOUR2/ros2_ws/install/_local_setup_util_ps1.py'
[1.274s] INFO:colcon.colcon_core.shell:Creating prefix chain script '/home/student/Documents/j2/ros2_JOUR2/ros2_ws/install/setup.ps1'
[1.276s] INFO:colcon.colcon_core.shell:Creating prefix script '/home/student/Documents/j2/ros2_JOUR2/ros2_ws/install/local_setup.sh'
[1.276s] INFO:colcon.colcon_core.shell:Creating prefix util module '/home/student/Documents/j2/ros2_JOUR2/ros2_ws/install/_local_setup_util_sh.py'
[1.277s] INFO:colcon.colcon_core.shell:Creating prefix chain script '/home/student/Documents/j2/ros2_JOUR2/ros2_ws/install/setup.sh'
[1.279s] INFO:colcon.colcon_core.shell:Creating prefix script '/home/student/Documents/j2/ros2_JOUR2/ros2_ws/install/local_setup.bash'
[1.279s] INFO:colcon.colcon_core.shell:Creating prefix chain script '/home/student/Documents/j2/ros2_JOUR2/ros2_ws/install/setup.bash'
[1.281s] INFO:colcon.colcon_core.shell:Creating prefix script '/home/student/Documents/j2/ros2_JOUR2/ros2_ws/install/local_setup.zsh'
[1.282s] INFO:colcon.colcon_core.shell:Creating prefix chain script '/home/student/Documents/j2/ros2_JOUR2/ros2_ws/install/setup.zsh'
