[0.017s] Invoking command in '/home/student/Documents/j2/ros2_JOUR2/ros2_ws/build/my_first_robot': CMAKE_PREFIX_PATH=${CMAKE_PREFIX_PATH}:/home/student/turtlebot3_ws/install/turtlebot3_teleop:/home/student/turtlebot3_ws/install/turtlebot3_parcours:/home/student/turtlebot3_ws/install/turtlebot3_example:/opt/ros/humble /usr/bin/cmake --build /home/student/Documents/j2/ros2_JOUR2/ros2_ws/build/my_first_robot -- -j8 -l8
[0.046s] -- Found ament_cmake: 1.3.12 (/opt/ros/humble/share/ament_cmake/cmake)
[0.194s] -- Found rclpy: 3.3.17 (/opt/ros/humble/share/rclpy/cmake)
[0.194s] -- Found robot_state_publisher: 3.0.3 (/opt/ros/humble/share/robot_state_publisher/cmake)
[0.222s] -- Found rosidl_generator_c: 3.1.7 (/opt/ros/humble/share/rosidl_generator_c/cmake)
[0.228s] -- Found rosidl_adapter: 3.1.7 (/opt/ros/humble/share/rosidl_adapter/cmake)
[0.240s] -- Found rosidl_generator_cpp: 3.1.7 (/opt/ros/humble/share/rosidl_generator_cpp/cmake)
[0.257s] -- Using all available rosidl_typesupport_c: rosidl_typesupport_fastrtps_c;rosidl_typesupport_introspection_c
[0.269s] -- Using all available rosidl_typesupport_cpp: rosidl_typesupport_fastrtps_cpp;rosidl_typesupport_introspection_cpp
[0.312s] -- Found eigen3_cmake_module: 0.1.1 (/opt/ros/humble/share/eigen3_cmake_module/cmake)
[0.313s] -- Ensuring Eigen3 include directory is part of orocos-kdl CMake target
[0.351s] -- Found rmw_implementation_cmake: 6.1.2 (/opt/ros/humble/share/rmw_implementation_cmake/cmake)
[0.353s] -- Found rmw_fastrtps_cpp: 6.2.9 (/opt/ros/humble/share/rmw_fastrtps_cpp/cmake)
[0.471s] -- Using RMW implementation 'rmw_fastrtps_cpp' as default
[0.633s] -- Found rviz2: 11.2.22 (/opt/ros/humble/share/rviz2/cmake)
[0.633s] -- Found ament_lint_auto: 0.12.14 (/opt/ros/humble/share/ament_lint_auto/cmake)
[0.699s] -- Added test 'flake8' to check Python code syntax and style conventions
[0.699s] -- Added test 'lint_cmake' to check CMake code style
[0.700s] -- Added test 'pep257' to check Python code against some of the docstring style conventions in PEP 257
[0.702s] -- Added test 'xmllint' to check XML markup files
[0.703s] -- Configuring done
[0.709s] -- Generating done
[0.712s] -- Build files have been written to: /home/student/Documents/j2/ros2_JOUR2/ros2_ws/build/my_first_robot
[0.743s] Invoked command in '/home/student/Documents/j2/ros2_JOUR2/ros2_ws/build/my_first_robot' returned '0': CMAKE_PREFIX_PATH=${CMAKE_PREFIX_PATH}:/home/student/turtlebot3_ws/install/turtlebot3_teleop:/home/student/turtlebot3_ws/install/turtlebot3_parcours:/home/student/turtlebot3_ws/install/turtlebot3_example:/opt/ros/humble /usr/bin/cmake --build /home/student/Documents/j2/ros2_JOUR2/ros2_ws/build/my_first_robot -- -j8 -l8
[0.745s] Invoking command in '/home/student/Documents/j2/ros2_JOUR2/ros2_ws/build/my_first_robot': CMAKE_PREFIX_PATH=${CMAKE_PREFIX_PATH}:/home/student/turtlebot3_ws/install/turtlebot3_teleop:/home/student/turtlebot3_ws/install/turtlebot3_parcours:/home/student/turtlebot3_ws/install/turtlebot3_example:/opt/ros/humble /usr/bin/cmake --install /home/student/Documents/j2/ros2_JOUR2/ros2_ws/build/my_first_robot
[0.754s] -- Install configuration: ""
[0.754s] -- Up-to-date: /home/student/Documents/j2/ros2_JOUR2/ros2_ws/install/my_first_robot/share/my_first_robot//launch
[0.754s] -- Up-to-date: /home/student/Documents/j2/ros2_JOUR2/ros2_ws/install/my_first_robot/share/my_first_robot//launch/exercise_01.launch.py
[0.754s] -- Up-to-date: /home/student/Documents/j2/ros2_JOUR2/ros2_ws/install/my_first_robot/share/my_first_robot//urdf
[0.754s] -- Up-to-date: /home/student/Documents/j2/ros2_JOUR2/ros2_ws/install/my_first_robot/share/my_first_robot//urdf/my_first_robot.urdf
[0.754s] -- Installing: /home/student/Documents/j2/ros2_JOUR2/ros2_ws/install/my_first_robot/share/my_first_robot//config
[0.754s] -- Installing: /home/student/Documents/j2/ros2_JOUR2/ros2_ws/install/my_first_robot/share/my_first_robot//config/my_first_robot.rviz
[0.755s] -- Up-to-date: /home/student/Documents/j2/ros2_JOUR2/ros2_ws/install/my_first_robot/share/ament_index/resource_index/package_run_dependencies/my_first_robot
[0.755s] -- Up-to-date: /home/student/Documents/j2/ros2_JOUR2/ros2_ws/install/my_first_robot/share/ament_index/resource_index/parent_prefix_path/my_first_robot
[0.755s] -- Up-to-date: /home/student/Documents/j2/ros2_JOUR2/ros2_ws/install/my_first_robot/share/my_first_robot/environment/ament_prefix_path.sh
[0.755s] -- Installing: /home/student/Documents/j2/ros2_JOUR2/ros2_ws/install/my_first_robot/share/my_first_robot/environment/ament_prefix_path.dsv
[0.755s] -- Up-to-date: /home/student/Documents/j2/ros2_JOUR2/ros2_ws/install/my_first_robot/share/my_first_robot/environment/path.sh
[0.755s] -- Installing: /home/student/Documents/j2/ros2_JOUR2/ros2_ws/install/my_first_robot/share/my_first_robot/environment/path.dsv
[0.755s] -- Up-to-date: /home/student/Documents/j2/ros2_JOUR2/ros2_ws/install/my_first_robot/share/my_first_robot/local_setup.bash
[0.755s] -- Up-to-date: /home/student/Documents/j2/ros2_JOUR2/ros2_ws/install/my_first_robot/share/my_first_robot/local_setup.sh
[0.756s] -- Up-to-date: /home/student/Documents/j2/ros2_JOUR2/ros2_ws/install/my_first_robot/share/my_first_robot/local_setup.zsh
[0.756s] -- Installing: /home/student/Documents/j2/ros2_JOUR2/ros2_ws/install/my_first_robot/share/my_first_robot/local_setup.dsv
[0.756s] -- Installing: /home/student/Documents/j2/ros2_JOUR2/ros2_ws/install/my_first_robot/share/my_first_robot/package.dsv
[0.756s] -- Up-to-date: /home/student/Documents/j2/ros2_JOUR2/ros2_ws/install/my_first_robot/share/ament_index/resource_index/packages/my_first_robot
[0.756s] -- Up-to-date: /home/student/Documents/j2/ros2_JOUR2/ros2_ws/install/my_first_robot/share/my_first_robot/cmake/my_first_robotConfig.cmake
[0.756s] -- Up-to-date: /home/student/Documents/j2/ros2_JOUR2/ros2_ws/install/my_first_robot/share/my_first_robot/cmake/my_first_robotConfig-version.cmake
[0.756s] -- Up-to-date: /home/student/Documents/j2/ros2_JOUR2/ros2_ws/install/my_first_robot/share/my_first_robot/package.xml
[0.758s] Invoked command in '/home/student/Documents/j2/ros2_JOUR2/ros2_ws/build/my_first_robot' returned '0': CMAKE_PREFIX_PATH=${CMAKE_PREFIX_PATH}:/home/student/turtlebot3_ws/install/turtlebot3_teleop:/home/student/turtlebot3_ws/install/turtlebot3_parcours:/home/student/turtlebot3_ws/install/turtlebot3_example:/opt/ros/humble /usr/bin/cmake --install /home/student/Documents/j2/ros2_JOUR2/ros2_ws/build/my_first_robot
