[0.016s] Invoking command in '/home/student/Documents/j2/ros2_JOUR2/ros2_ws/build/my_first_robot': CMAKE_PREFIX_PATH=${CMAKE_PREFIX_PATH}:/home/student/turtlebot3_ws/install/turtlebot3_teleop:/home/student/turtlebot3_ws/install/turtlebot3_parcours:/home/student/turtlebot3_ws/install/turtlebot3_example:/opt/ros/humble /usr/bin/cmake /home/student/Documents/j2/ros2_JOUR2/ros2_ws/src/my_first_robot -DCMAKE_INSTALL_PREFIX=/home/student/Documents/j2/ros2_JOUR2/ros2_ws/install/my_first_robot
[0.035s] -- Found ament_cmake: 1.3.12 (/opt/ros/humble/share/ament_cmake/cmake)
[0.173s] -- Found rclpy: 3.3.17 (/opt/ros/humble/share/rclpy/cmake)
[0.174s] -- Found robot_state_publisher: 3.0.3 (/opt/ros/humble/share/robot_state_publisher/cmake)
[0.199s] -- Found rosidl_generator_c: 3.1.7 (/opt/ros/humble/share/rosidl_generator_c/cmake)
[0.202s] -- Found rosidl_adapter: 3.1.7 (/opt/ros/humble/share/rosidl_adapter/cmake)
[0.208s] -- Found rosidl_generator_cpp: 3.1.7 (/opt/ros/humble/share/rosidl_generator_cpp/cmake)
[0.220s] -- Using all available rosidl_typesupport_c: rosidl_typesupport_fastrtps_c;rosidl_typesupport_introspection_c
[0.233s] -- Using all available rosidl_typesupport_cpp: rosidl_typesupport_fastrtps_cpp;rosidl_typesupport_introspection_cpp
[0.270s] -- Found eigen3_cmake_module: 0.1.1 (/opt/ros/humble/share/eigen3_cmake_module/cmake)
[0.271s] -- Ensuring Eigen3 include directory is part of orocos-kdl CMake target
[0.301s] -- Found rmw_implementation_cmake: 6.1.2 (/opt/ros/humble/share/rmw_implementation_cmake/cmake)
[0.303s] -- Found rmw_fastrtps_cpp: 6.2.9 (/opt/ros/humble/share/rmw_fastrtps_cpp/cmake)
[0.426s] -- Using RMW implementation 'rmw_fastrtps_cpp' as default
[0.614s] -- Found rviz2: 11.2.22 (/opt/ros/humble/share/rviz2/cmake)
[0.629s] -- Found ament_lint_auto: 0.12.14 (/opt/ros/humble/share/ament_lint_auto/cmake)
[0.750s] -- Added test 'flake8' to check Python code syntax and style conventions
[0.751s] -- Added test 'lint_cmake' to check CMake code style
[0.752s] -- Added test 'pep257' to check Python code against some of the docstring style conventions in PEP 257
[0.754s] -- Added test 'xmllint' to check XML markup files
[0.756s] -- Configuring done
[0.762s] -- Generating done
[0.764s] -- Build files have been written to: /home/student/Documents/j2/ros2_JOUR2/ros2_ws/build/my_first_robot
[0.772s] Invoked command in '/home/student/Documents/j2/ros2_JOUR2/ros2_ws/build/my_first_robot' returned '0': CMAKE_PREFIX_PATH=${CMAKE_PREFIX_PATH}:/home/student/turtlebot3_ws/install/turtlebot3_teleop:/home/student/turtlebot3_ws/install/turtlebot3_parcours:/home/student/turtlebot3_ws/install/turtlebot3_example:/opt/ros/humble /usr/bin/cmake /home/student/Documents/j2/ros2_JOUR2/ros2_ws/src/my_first_robot -DCMAKE_INSTALL_PREFIX=/home/student/Documents/j2/ros2_JOUR2/ros2_ws/install/my_first_robot
[0.774s] Invoking command in '/home/student/Documents/j2/ros2_JOUR2/ros2_ws/build/my_first_robot': CMAKE_PREFIX_PATH=${CMAKE_PREFIX_PATH}:/home/student/turtlebot3_ws/install/turtlebot3_teleop:/home/student/turtlebot3_ws/install/turtlebot3_parcours:/home/student/turtlebot3_ws/install/turtlebot3_example:/opt/ros/humble /usr/bin/cmake --build /home/student/Documents/j2/ros2_JOUR2/ros2_ws/build/my_first_robot -- -j8 -l8
[0.822s] Invoked command in '/home/student/Documents/j2/ros2_JOUR2/ros2_ws/build/my_first_robot' returned '0': CMAKE_PREFIX_PATH=${CMAKE_PREFIX_PATH}:/home/student/turtlebot3_ws/install/turtlebot3_teleop:/home/student/turtlebot3_ws/install/turtlebot3_parcours:/home/student/turtlebot3_ws/install/turtlebot3_example:/opt/ros/humble /usr/bin/cmake --build /home/student/Documents/j2/ros2_JOUR2/ros2_ws/build/my_first_robot -- -j8 -l8
[0.823s] Invoking command in '/home/student/Documents/j2/ros2_JOUR2/ros2_ws/build/my_first_robot': CMAKE_PREFIX_PATH=${CMAKE_PREFIX_PATH}:/home/student/turtlebot3_ws/install/turtlebot3_teleop:/home/student/turtlebot3_ws/install/turtlebot3_parcours:/home/student/turtlebot3_ws/install/turtlebot3_example:/opt/ros/humble /usr/bin/cmake --install /home/student/Documents/j2/ros2_JOUR2/ros2_ws/build/my_first_robot
[0.836s] -- Install configuration: ""
[0.836s] -- Installing: /home/student/Documents/j2/ros2_JOUR2/ros2_ws/install/my_first_robot/share/ament_index/resource_index/package_run_dependencies/my_first_robot
[0.837s] -- Installing: /home/student/Documents/j2/ros2_JOUR2/ros2_ws/install/my_first_robot/share/ament_index/resource_index/parent_prefix_path/my_first_robot
[0.837s] -- Installing: /home/student/Documents/j2/ros2_JOUR2/ros2_ws/install/my_first_robot/share/my_first_robot/environment/ament_prefix_path.sh
[0.837s] -- Installing: /home/student/Documents/j2/ros2_JOUR2/ros2_ws/install/my_first_robot/share/my_first_robot/environment/ament_prefix_path.dsv
[0.837s] -- Installing: /home/student/Documents/j2/ros2_JOUR2/ros2_ws/install/my_first_robot/share/my_first_robot/environment/path.sh
[0.838s] -- Installing: /home/student/Documents/j2/ros2_JOUR2/ros2_ws/install/my_first_robot/share/my_first_robot/environment/path.dsv
[0.838s] -- Installing: /home/student/Documents/j2/ros2_JOUR2/ros2_ws/install/my_first_robot/share/my_first_robot/local_setup.bash
[0.838s] -- Installing: /home/student/Documents/j2/ros2_JOUR2/ros2_ws/install/my_first_robot/share/my_first_robot/local_setup.sh
[0.839s] -- Installing: /home/student/Documents/j2/ros2_JOUR2/ros2_ws/install/my_first_robot/share/my_first_robot/local_setup.zsh
[0.839s] -- Installing: /home/student/Documents/j2/ros2_JOUR2/ros2_ws/install/my_first_robot/share/my_first_robot/local_setup.dsv
[0.839s] -- Installing: /home/student/Documents/j2/ros2_JOUR2/ros2_ws/install/my_first_robot/share/my_first_robot/package.dsv
[0.839s] -- Installing: /home/student/Documents/j2/ros2_JOUR2/ros2_ws/install/my_first_robot/share/ament_index/resource_index/packages/my_first_robot
[0.840s] -- Installing: /home/student/Documents/j2/ros2_JOUR2/ros2_ws/install/my_first_robot/share/my_first_robot/cmake/my_first_robotConfig.cmake
[0.840s] -- Installing: /home/student/Documents/j2/ros2_JOUR2/ros2_ws/install/my_first_robot/share/my_first_robot/cmake/my_first_robotConfig-version.cmake
[0.840s] -- Installing: /home/student/Documents/j2/ros2_JOUR2/ros2_ws/install/my_first_robot/share/my_first_robot/package.xml
[0.843s] Invoked command in '/home/student/Documents/j2/ros2_JOUR2/ros2_ws/build/my_first_robot' returned '0': CMAKE_PREFIX_PATH=${CMAKE_PREFIX_PATH}:/home/student/turtlebot3_ws/install/turtlebot3_teleop:/home/student/turtlebot3_ws/install/turtlebot3_parcours:/home/student/turtlebot3_ws/install/turtlebot3_example:/opt/ros/humble /usr/bin/cmake --install /home/student/Documents/j2/ros2_JOUR2/ros2_ws/build/my_first_robot
