-- Install configuration: ""
-- Up-to-date: /home/student/Documents/j2/ros2_JOUR2/ros2_ws/install/my_first_robot/share/my_first_robot//launch
-- Up-to-date: /home/student/Documents/j2/ros2_JOUR2/ros2_ws/install/my_first_robot/share/my_first_robot//launch/exercise_01.launch.py
-- Up-to-date: /home/student/Documents/j2/ros2_JOUR2/ros2_ws/install/my_first_robot/share/my_first_robot//urdf
-- Installing: /home/student/Documents/j2/ros2_JOUR2/ros2_ws/install/my_first_robot/share/my_first_robot//urdf/my_first_robot_pauline.urdf
-- Up-to-date: /home/student/Documents/j2/ros2_JOUR2/ros2_ws/install/my_first_robot/share/my_first_robot//config
-- Up-to-date: /home/student/Documents/j2/ros2_JOUR2/ros2_ws/install/my_first_robot/share/my_first_robot//config/my_first_robot.rviz
-- Up-to-date: /home/student/Documents/j2/ros2_JOUR2/ros2_ws/install/my_first_robot/share/ament_index/resource_index/package_run_dependencies/my_first_robot
-- Up-to-date: /home/student/Documents/j2/ros2_JOUR2/ros2_ws/install/my_first_robot/share/ament_index/resource_index/parent_prefix_path/my_first_robot
-- Up-to-date: /home/student/Documents/j2/ros2_JOUR2/ros2_ws/install/my_first_robot/share/my_first_robot/environment/ament_prefix_path.sh
-- Up-to-date: /home/student/Documents/j2/ros2_JOUR2/ros2_ws/install/my_first_robot/share/my_first_robot/environment/ament_prefix_path.dsv
-- Up-to-date: /home/student/Documents/j2/ros2_JOUR2/ros2_ws/install/my_first_robot/share/my_first_robot/environment/path.sh
-- Up-to-date: /home/student/Documents/j2/ros2_JOUR2/ros2_ws/install/my_first_robot/share/my_first_robot/environment/path.dsv
-- Up-to-date: /home/student/Documents/j2/ros2_JOUR2/ros2_ws/install/my_first_robot/share/my_first_robot/local_setup.bash
-- Up-to-date: /home/student/Documents/j2/ros2_JOUR2/ros2_ws/install/my_first_robot/share/my_first_robot/local_setup.sh
-- Up-to-date: /home/student/Documents/j2/ros2_JOUR2/ros2_ws/install/my_first_robot/share/my_first_robot/local_setup.zsh
-- Up-to-date: /home/student/Documents/j2/ros2_JOUR2/ros2_ws/install/my_first_robot/share/my_first_robot/local_setup.dsv
-- Installing: /home/student/Documents/j2/ros2_JOUR2/ros2_ws/install/my_first_robot/share/my_first_robot/package.dsv
-- Up-to-date: /home/student/Documents/j2/ros2_JOUR2/ros2_ws/install/my_first_robot/share/ament_index/resource_index/packages/my_first_robot
-- Up-to-date: /home/student/Documents/j2/ros2_JOUR2/ros2_ws/install/my_first_robot/share/my_first_robot/cmake/my_first_robotConfig.cmake
-- Up-to-date: /home/student/Documents/j2/ros2_JOUR2/ros2_ws/install/my_first_robot/share/my_first_robot/cmake/my_first_robotConfig-version.cmake
-- Up-to-date: /home/student/Documents/j2/ros2_JOUR2/ros2_ws/install/my_first_robot/share/my_first_robot/package.xml
