-- Install configuration: ""
-- Up-to-date: /home/student/Documents/j2/ros2_JOUR2/ros2_ws/install/exercices_manipulation/share/exercices_manipulation//launch
-- Up-to-date: /home/student/Documents/j2/ros2_JOUR2/ros2_ws/install/exercices_manipulation/share/exercices_manipulation//launch/exercise_06.launch.py
-- Up-to-date: /home/student/Documents/j2/ros2_JOUR2/ros2_ws/install/exercices_manipulation/share/exercices_manipulation//launch/exercise_08.launch.py
-- Up-to-date: /home/student/Documents/j2/ros2_JOUR2/ros2_ws/install/exercices_manipulation/share/exercices_manipulation//launch/exercise_01.launch.py
-- Up-to-date: /home/student/Documents/j2/ros2_JOUR2/ros2_ws/install/exercices_manipulation/share/exercices_manipulation//launch/exercise_05.launch.py
-- Up-to-date: /home/student/Documents/j2/ros2_JOUR2/ros2_ws/install/exercices_manipulation/share/exercices_manipulation//launch/exercise_03.launch.py
-- Up-to-date: /home/student/Documents/j2/ros2_JOUR2/ros2_ws/install/exercices_manipulation/share/exercices_manipulation//launch/exercise_09.launch.py
-- Up-to-date: /home/student/Documents/j2/ros2_JOUR2/ros2_ws/install/exercices_manipulation/share/exercices_manipulation//launch/exercise_07.launch.py
-- Up-to-date: /home/student/Documents/j2/ros2_JOUR2/ros2_ws/install/exercices_manipulation/share/exercices_manipulation//launch/exercise_04.launch.py
-- Up-to-date: /home/student/Documents/j2/ros2_JOUR2/ros2_ws/install/exercices_manipulation/share/exercices_manipulation//config
-- Up-to-date: /home/student/Documents/j2/ros2_JOUR2/ros2_ws/install/exercices_manipulation/share/exercices_manipulation//config/moveit.rviz
-- Up-to-date: /home/student/Documents/j2/ros2_JOUR2/ros2_ws/install/exercices_manipulation/share/exercices_manipulation//config/moveit_cpp.yaml
-- Up-to-date: /home/student/Documents/j2/ros2_JOUR2/ros2_ws/install/exercices_manipulation/share/ament_index/resource_index/package_run_dependencies/exercices_manipulation
-- Up-to-date: /home/student/Documents/j2/ros2_JOUR2/ros2_ws/install/exercices_manipulation/share/ament_index/resource_index/parent_prefix_path/exercices_manipulation
-- Up-to-date: /home/student/Documents/j2/ros2_JOUR2/ros2_ws/install/exercices_manipulation/share/exercices_manipulation/environment/ament_prefix_path.sh
-- Up-to-date: /home/student/Documents/j2/ros2_JOUR2/ros2_ws/install/exercices_manipulation/share/exercices_manipulation/environment/ament_prefix_path.dsv
-- Up-to-date: /home/student/Documents/j2/ros2_JOUR2/ros2_ws/install/exercices_manipulation/share/exercices_manipulation/environment/path.sh
-- Up-to-date: /home/student/Documents/j2/ros2_JOUR2/ros2_ws/install/exercices_manipulation/share/exercices_manipulation/environment/path.dsv
-- Up-to-date: /home/student/Documents/j2/ros2_JOUR2/ros2_ws/install/exercices_manipulation/share/exercices_manipulation/local_setup.bash
-- Up-to-date: /home/student/Documents/j2/ros2_JOUR2/ros2_ws/install/exercices_manipulation/share/exercices_manipulation/local_setup.sh
-- Up-to-date: /home/student/Documents/j2/ros2_JOUR2/ros2_ws/install/exercices_manipulation/share/exercices_manipulation/local_setup.zsh
-- Up-to-date: /home/student/Documents/j2/ros2_JOUR2/ros2_ws/install/exercices_manipulation/share/exercices_manipulation/local_setup.dsv
-- Installing: /home/student/Documents/j2/ros2_JOUR2/ros2_ws/install/exercices_manipulation/share/exercices_manipulation/package.dsv
-- Up-to-date: /home/student/Documents/j2/ros2_JOUR2/ros2_ws/install/exercices_manipulation/share/ament_index/resource_index/packages/exercices_manipulation
-- Up-to-date: /home/student/Documents/j2/ros2_JOUR2/ros2_ws/install/exercices_manipulation/share/exercices_manipulation/cmake/exercices_manipulationConfig.cmake
-- Up-to-date: /home/student/Documents/j2/ros2_JOUR2/ros2_ws/install/exercices_manipulation/share/exercices_manipulation/cmake/exercices_manipulationConfig-version.cmake
-- Up-to-date: /home/student/Documents/j2/ros2_JOUR2/ros2_ws/install/exercices_manipulation/share/exercices_manipulation/package.xml
